<?xml version="1.0" encoding="UTF-8"?>
<!-- Generated by org.testng.reporters.JUnitXMLReporter -->
<testsuite ignored="0" hostname="Kashyap" failures="1" tests="6" name="Surefire test" time="118.471" errors="0" timestamp="2024-03-24T18:35:47 EDT">
  <testcase classname="tests.LoginTest" name="login" time="0.003">
    <failure type="java.lang.NullPointerException" message="Cannot invoke &amp;quot;org.openqa.selenium.WebDriver.get(String)&amp;quot; because &amp;quot;this.driver&amp;quot; is null">
      <![CDATA[java.lang.NullPointerException: Cannot invoke "org.openqa.selenium.WebDriver.get(String)" because "this.driver" is null
at tests.LoginTest.login(LoginTest.java:22)
at java.base/java.util.ArrayList.forEach(ArrayList.java:1511)
... Removed 30 stack frames]]>
    </failure>
  </testcase> <!-- login -->
  <testcase classname="tests.SeleniumTests" name="Scenario1Test" time="59.9"/>
  <testcase classname="tests.SeleniumTests" name="Scenario2Test" time="58.455"/>
  <testcase classname="tests.SeleniumTests" name="Scenario3Test" time="0.005"/>
  <testcase classname="tests.SeleniumTests" name="Scenario4Test" time="0.006"/>
  <testcase classname="tests.SeleniumTests" name="Scenario5Test" time="0.005"/>
</testsuite> <!-- Surefire test -->
