<?xml version="1.0" encoding="UTF-8"?>
<!-- Generated by org.testng.reporters.JUnitXMLReporter -->
<testsuite ignored="0" hostname="Vatsal" failures="0" tests="5" name="Default test" time="491.343" errors="0" timestamp="2024-03-28T11:52:14 EDT">
  <testcase classname="selenium_automation.TestScenarios" name="Scenario1Test" time="116.895"/>
  <testcase classname="selenium_automation.TestScenarios" name="Scenario2Test" time="108.149"/>
  <testcase classname="selenium_automation.TestScenarios" name="Scenario3Test" time="78.527"/>
  <testcase classname="selenium_automation.TestScenarios" name="Scenario4Test" time="87.677"/>
  <testcase classname="selenium_automation.TestScenarios" name="Scenario5Test" time="91.929"/>
</testsuite> <!-- Default test -->
