<?xml version="1.0" encoding="UTF-8"?>
<testsuite xmlns:xsi="http://www.w3.org/2001/XMLSchema-instance" xsi:noNamespaceSchemaLocation="https://maven.apache.org/surefire/maven-surefire-plugin/xsd/surefire-test-report.xsd" name="TestSuite" time="123.106" tests="6" errors="0" skipped="0" failures="1">
  <properties>
[...]
</properties>
  <testcase name="login" classname="tests.LoginTest" time="0.02">
    <failure message="Cannot invoke &quot;org.openqa.selenium.WebDriver.get(String)&quot; because &quot;this.driver&quot; is null" type="java.lang.NullPointerException">java.lang.NullPointerException: Cannot invoke "org.openqa.selenium.WebDriver.get(String)" because "this.driver" is null
	at tests.LoginTest.login(LoginTest.java:22)
</failure>
    <system-out><![CDATA[Browser from properties: chrome
Chrome Driver initialized
]]></system-out>
    <system-err><![CDATA[Mar 24, 2024 6:33:48 PM org.openqa.selenium.devtools.CdpVersionFinder findNearestMatch
WARNING: Unable to find an exact match for CDP version 123, returning the closest version; found: 119; Please update to a Selenium version that supports CDP version 123
]]></system-err>
  </testcase>
  <testcase name="Scenario1Test" classname="tests.SeleniumTests" time="59.9"/>
  <testcase name="Scenario2Test" classname="tests.SeleniumTests" time="58.457"/>
  <testcase name="Scenario3Test" classname="tests.SeleniumTests" time="0.006"/>
  <testcase name="Scenario4Test" classname="tests.SeleniumTests" time="0.006"/>
  <testcase name="Scenario5Test" classname="tests.SeleniumTests" time="0.007"/>
</testsuite>