<?xml version="1.0" encoding="UTF-8"?>
<testng-results ignored="0" total="6" passed="5" failed="1" skipped="0">
  <reporter-output>
  </reporter-output>
  <suite started-at="2024-03-24T18:33:48 EDT" name="Surefire suite" finished-at="2024-03-24T18:35:47 EDT" duration-ms="118471">
    <groups>
    </groups>
    <test started-at="2024-03-24T18:33:48 EDT" name="Surefire test" finished-at="2024-03-24T18:35:47 EDT" duration-ms="118471">
      <class name="tests.LoginTest">
        <test-method signature="login()[pri:0, instance:tests.LoginTest@3148f668]" started-at="2024-03-24T18:33:48 EDT" name="login" finished-at="2024-03-24T18:33:48 EDT" duration-ms="3" status="FAIL">
          <exception class="java.lang.NullPointerException">
            <message>
              <![CDATA[Cannot invoke "org.openqa.selenium.WebDriver.get(String)" because "this.driver" is null]]>
            </message>
            <full-stacktrace>
              <![CDATA[java.lang.NullPointerException: Cannot invoke "org.openqa.selenium.WebDriver.get(String)" because "this.driver" is null
at tests.LoginTest.login(LoginTest.java:22)
at java.base/jdk.internal.reflect.DirectMethodHandleAccessor.invoke(DirectMethodHandleAccessor.java:104)
at java.base/java.lang.reflect.Method.invoke(Method.java:578)
at org.testng.internal.invokers.MethodInvocationHelper.invokeMethod(MethodInvocationHelper.java:139)
at org.testng.internal.invokers.TestInvoker.invokeMethod(TestInvoker.java:664)
at org.testng.internal.invokers.TestInvoker.invokeTestMethod(TestInvoker.java:227)
at org.testng.internal.invokers.MethodRunner.runInSequence(MethodRunner.java:50)
at org.testng.internal.invokers.TestInvoker$MethodInvocationAgent.invoke(TestInvoker.java:957)
at org.testng.internal.invokers.TestInvoker.invokeTestMethods(TestInvoker.java:200)
at org.testng.internal.invokers.TestMethodWorker.invokeTestMethods(TestMethodWorker.java:148)
at org.testng.internal.invokers.TestMethodWorker.run(TestMethodWorker.java:128)
at java.base/java.util.ArrayList.forEach(ArrayList.java:1511)
at org.testng.TestRunner.privateRun(TestRunner.java:848)
at org.testng.TestRunner.run(TestRunner.java:621)
at org.testng.SuiteRunner.runTest(SuiteRunner.java:443)
at org.testng.SuiteRunner.runSequentially(SuiteRunner.java:437)
at org.testng.SuiteRunner.privateRun(SuiteRunner.java:397)
at org.testng.SuiteRunner.run(SuiteRunner.java:336)
at org.testng.SuiteRunnerWorker.runSuite(SuiteRunnerWorker.java:52)
at org.testng.SuiteRunnerWorker.run(SuiteRunnerWorker.java:95)
at org.testng.TestNG.runSuitesSequentially(TestNG.java:1280)
at org.testng.TestNG.runSuitesLocally(TestNG.java:1200)
at org.testng.TestNG.runSuites(TestNG.java:1114)
at org.testng.TestNG.run(TestNG.java:1082)
at org.apache.maven.surefire.testng.TestNGExecutor.run(TestNGExecutor.java:135)
at org.apache.maven.surefire.testng.TestNGDirectoryTestSuite.executeMulti(TestNGDirectoryTestSuite.java:193)
at org.apache.maven.surefire.testng.TestNGDirectoryTestSuite.execute(TestNGDirectoryTestSuite.java:94)
at org.apache.maven.surefire.testng.TestNGProvider.invoke(TestNGProvider.java:146)
at org.apache.maven.surefire.booter.ForkedBooter.invokeProviderInSameClassLoader(ForkedBooter.java:384)
at org.apache.maven.surefire.booter.ForkedBooter.runSuitesInProcess(ForkedBooter.java:345)
at org.apache.maven.surefire.booter.ForkedBooter.execute(ForkedBooter.java:126)
at org.apache.maven.surefire.booter.ForkedBooter.main(ForkedBooter.java:418)
]]>
            </full-stacktrace>
          </exception> <!-- java.lang.NullPointerException -->
          <reporter-output>
          </reporter-output>
        </test-method> <!-- login -->
      </class> <!-- tests.LoginTest -->
      <class name="tests.SeleniumTests">
        <test-method is-config="true" signature="beforeSuite()[pri:0, instance:tests.SeleniumTests@3f57bcad]" started-at="2024-03-24T18:33:45 EDT" name="beforeSuite" finished-at="2024-03-24T18:33:48 EDT" duration-ms="3031" status="PASS">
          <reporter-output>
          </reporter-output>
        </test-method> <!-- beforeSuite -->
        <test-method is-config="true" signature="beforeTest()[pri:0, instance:tests.SeleniumTests@3f57bcad]" started-at="2024-03-24T18:33:48 EDT" name="beforeTest" finished-at="2024-03-24T18:33:48 EDT" duration-ms="1" status="PASS">
          <reporter-output>
          </reporter-output>
        </test-method> <!-- beforeTest -->
        <test-method is-config="true" signature="beforeTest()[pri:0, instance:tests.SeleniumTests@3f57bcad]" started-at="2024-03-24T18:33:49 EDT" name="beforeTest" finished-at="2024-03-24T18:33:49 EDT" duration-ms="1" status="PASS">
          <reporter-output>
          </reporter-output>
        </test-method> <!-- beforeTest -->
        <test-method signature="Scenario1Test()[pri:0, instance:tests.SeleniumTests@3f57bcad]" started-at="2024-03-24T18:33:49 EDT" name="Scenario1Test" finished-at="2024-03-24T18:34:48 EDT" duration-ms="59900" status="PASS">
          <reporter-output>
          </reporter-output>
        </test-method> <!-- Scenario1Test -->
        <test-method is-config="true" signature="beforeTest()[pri:0, instance:tests.SeleniumTests@3f57bcad]" started-at="2024-03-24T18:34:48 EDT" name="beforeTest" finished-at="2024-03-24T18:34:48 EDT" duration-ms="1" status="PASS">
          <reporter-output>
          </reporter-output>
        </test-method> <!-- beforeTest -->
        <test-method signature="Scenario2Test()[pri:1, instance:tests.SeleniumTests@3f57bcad]" started-at="2024-03-24T18:34:48 EDT" name="Scenario2Test" finished-at="2024-03-24T18:35:47 EDT" duration-ms="58455" status="PASS">
          <reporter-output>
          </reporter-output>
        </test-method> <!-- Scenario2Test -->
        <test-method is-config="true" signature="beforeTest()[pri:0, instance:tests.SeleniumTests@3f57bcad]" started-at="2024-03-24T18:35:47 EDT" name="beforeTest" finished-at="2024-03-24T18:35:47 EDT" duration-ms="0" status="PASS">
          <reporter-output>
          </reporter-output>
        </test-method> <!-- beforeTest -->
        <test-method signature="Scenario3Test()[pri:2, instance:tests.SeleniumTests@3f57bcad]" started-at="2024-03-24T18:35:47 EDT" name="Scenario3Test" finished-at="2024-03-24T18:35:47 EDT" duration-ms="5" status="PASS">
          <reporter-output>
          </reporter-output>
        </test-method> <!-- Scenario3Test -->
        <test-method signature="Scenario4Test()[pri:3, instance:tests.SeleniumTests@3f57bcad]" started-at="2024-03-24T18:35:47 EDT" name="Scenario4Test" finished-at="2024-03-24T18:35:47 EDT" duration-ms="6" status="PASS">
          <reporter-output>
          </reporter-output>
        </test-method> <!-- Scenario4Test -->
        <test-method is-config="true" signature="beforeTest()[pri:0, instance:tests.SeleniumTests@3f57bcad]" started-at="2024-03-24T18:35:47 EDT" name="beforeTest" finished-at="2024-03-24T18:35:47 EDT" duration-ms="0" status="PASS">
          <reporter-output>
          </reporter-output>
        </test-method> <!-- beforeTest -->
        <test-method is-config="true" signature="beforeTest()[pri:0, instance:tests.SeleniumTests@3f57bcad]" started-at="2024-03-24T18:35:47 EDT" name="beforeTest" finished-at="2024-03-24T18:35:47 EDT" duration-ms="1" status="PASS">
          <reporter-output>
          </reporter-output>
        </test-method> <!-- beforeTest -->
        <test-method signature="Scenario5Test()[pri:4, instance:tests.SeleniumTests@3f57bcad]" started-at="2024-03-24T18:35:47 EDT" name="Scenario5Test" finished-at="2024-03-24T18:35:47 EDT" duration-ms="5" status="PASS">
          <reporter-output>
          </reporter-output>
        </test-method> <!-- Scenario5Test -->
        <test-method is-config="true" signature="afterSuite()[pri:0, instance:tests.SeleniumTests@3f57bcad]" started-at="2024-03-24T18:35:47 EDT" name="afterSuite" finished-at="2024-03-24T18:35:47 EDT" duration-ms="305" status="PASS">
          <reporter-output>
          </reporter-output>
        </test-method> <!-- afterSuite -->
      </class> <!-- tests.SeleniumTests -->
    </test> <!-- Surefire test -->
  </suite> <!-- Surefire suite -->
</testng-results>
