<?xml version="1.0" encoding="UTF-8"?>
<testng-results ignored="0" total="5" passed="5" failed="0" skipped="0">
  <reporter-output>
  </reporter-output>
  <suite started-at="2024-03-28T11:44:02 EDT" name="Default suite" finished-at="2024-03-28T11:52:14 EDT" duration-ms="491343">
    <groups>
    </groups>
    <test started-at="2024-03-28T11:44:02 EDT" name="Default test" finished-at="2024-03-28T11:52:14 EDT" duration-ms="491343">
      <class name="selenium_automation.TestScenarios">
        <test-method is-config="true" signature="beforeSuite()[pri:0, instance:selenium_automation.TestScenarios@385c9627]" started-at="2024-03-28T11:44:00 EDT" name="beforeSuite" finished-at="2024-03-28T11:44:02 EDT" duration-ms="2369" status="PASS">
          <reporter-output>
          </reporter-output>
        </test-method> <!-- beforeSuite -->
        <test-method is-config="true" signature="beforeTest()[pri:0, instance:selenium_automation.TestScenarios@385c9627]" started-at="2024-03-28T11:44:02 EDT" name="beforeTest" finished-at="2024-03-28T11:44:02 EDT" duration-ms="0" status="PASS">
          <reporter-output>
          </reporter-output>
        </test-method> <!-- beforeTest -->
        <test-method is-config="true" signature="beforeTest()[pri:0, instance:selenium_automation.TestScenarios@385c9627]" started-at="2024-03-28T11:44:02 EDT" name="beforeTest" finished-at="2024-03-28T11:44:02 EDT" duration-ms="1" status="PASS">
          <reporter-output>
          </reporter-output>
        </test-method> <!-- beforeTest -->
        <test-method signature="Scenario1Test()[pri:0, instance:selenium_automation.TestScenarios@385c9627]" started-at="2024-03-28T11:44:02 EDT" name="Scenario1Test" finished-at="2024-03-28T11:45:59 EDT" duration-ms="116895" status="PASS">
          <reporter-output>
          </reporter-output>
        </test-method> <!-- Scenario1Test -->
        <test-method is-config="true" signature="afterTest()[pri:0, instance:selenium_automation.TestScenarios@385c9627]" started-at="2024-03-28T11:45:59 EDT" name="afterTest" finished-at="2024-03-28T11:46:01 EDT" duration-ms="2010" status="PASS">
          <reporter-output>
          </reporter-output>
        </test-method> <!-- afterTest -->
        <test-method signature="Scenario2Test()[pri:1, instance:selenium_automation.TestScenarios@385c9627]" started-at="2024-03-28T11:46:01 EDT" name="Scenario2Test" finished-at="2024-03-28T11:47:49 EDT" duration-ms="108149" status="PASS">
          <reporter-output>
          </reporter-output>
        </test-method> <!-- Scenario2Test -->
        <test-method is-config="true" signature="beforeTest()[pri:0, instance:selenium_automation.TestScenarios@385c9627]" started-at="2024-03-28T11:46:01 EDT" name="beforeTest" finished-at="2024-03-28T11:46:01 EDT" duration-ms="0" status="PASS">
          <reporter-output>
          </reporter-output>
        </test-method> <!-- beforeTest -->
        <test-method is-config="true" signature="afterTest()[pri:0, instance:selenium_automation.TestScenarios@385c9627]" started-at="2024-03-28T11:47:49 EDT" name="afterTest" finished-at="2024-03-28T11:47:51 EDT" duration-ms="1528" status="PASS">
          <reporter-output>
          </reporter-output>
        </test-method> <!-- afterTest -->
        <test-method signature="Scenario3Test()[pri:2, instance:selenium_automation.TestScenarios@385c9627]" started-at="2024-03-28T11:47:51 EDT" name="Scenario3Test" finished-at="2024-03-28T11:49:10 EDT" duration-ms="78527" status="PASS">
          <reporter-output>
          </reporter-output>
        </test-method> <!-- Scenario3Test -->
        <test-method is-config="true" signature="beforeTest()[pri:0, instance:selenium_automation.TestScenarios@385c9627]" started-at="2024-03-28T11:47:51 EDT" name="beforeTest" finished-at="2024-03-28T11:47:51 EDT" duration-ms="0" status="PASS">
          <reporter-output>
          </reporter-output>
        </test-method> <!-- beforeTest -->
        <test-method is-config="true" signature="afterTest()[pri:0, instance:selenium_automation.TestScenarios@385c9627]" started-at="2024-03-28T11:49:10 EDT" name="afterTest" finished-at="2024-03-28T11:49:11 EDT" duration-ms="1382" status="PASS">
          <reporter-output>
          </reporter-output>
        </test-method> <!-- afterTest -->
        <test-method signature="Scenario4Test()[pri:3, instance:selenium_automation.TestScenarios@385c9627]" started-at="2024-03-28T11:49:11 EDT" name="Scenario4Test" finished-at="2024-03-28T11:50:39 EDT" duration-ms="87677" status="PASS">
          <reporter-output>
          </reporter-output>
        </test-method> <!-- Scenario4Test -->
        <test-method is-config="true" signature="beforeTest()[pri:0, instance:selenium_automation.TestScenarios@385c9627]" started-at="2024-03-28T11:49:11 EDT" name="beforeTest" finished-at="2024-03-28T11:49:11 EDT" duration-ms="0" status="PASS">
          <reporter-output>
          </reporter-output>
        </test-method> <!-- beforeTest -->
        <test-method is-config="true" signature="afterTest()[pri:0, instance:selenium_automation.TestScenarios@385c9627]" started-at="2024-03-28T11:50:39 EDT" name="afterTest" finished-at="2024-03-28T11:50:40 EDT" duration-ms="1577" status="PASS">
          <reporter-output>
          </reporter-output>
        </test-method> <!-- afterTest -->
        <test-method is-config="true" signature="beforeTest()[pri:0, instance:selenium_automation.TestScenarios@385c9627]" started-at="2024-03-28T11:50:40 EDT" name="beforeTest" finished-at="2024-03-28T11:50:40 EDT" duration-ms="0" status="PASS">
          <reporter-output>
          </reporter-output>
        </test-method> <!-- beforeTest -->
        <test-method signature="Scenario5Test()[pri:4, instance:selenium_automation.TestScenarios@385c9627]" started-at="2024-03-28T11:50:40 EDT" name="Scenario5Test" finished-at="2024-03-28T11:52:12 EDT" duration-ms="91929" status="PASS">
          <reporter-output>
          </reporter-output>
        </test-method> <!-- Scenario5Test -->
        <test-method is-config="true" signature="afterTest()[pri:0, instance:selenium_automation.TestScenarios@385c9627]" started-at="2024-03-28T11:52:12 EDT" name="afterTest" finished-at="2024-03-28T11:52:14 EDT" duration-ms="1622" status="PASS">
          <reporter-output>
          </reporter-output>
        </test-method> <!-- afterTest -->
        <test-method is-config="true" signature="afterSuite()[pri:0, instance:selenium_automation.TestScenarios@385c9627]" started-at="2024-03-28T11:52:14 EDT" name="afterSuite" finished-at="2024-03-28T11:52:14 EDT" duration-ms="705" status="PASS">
          <reporter-output>
          </reporter-output>
        </test-method> <!-- afterSuite -->
      </class> <!-- selenium_automation.TestScenarios -->
    </test> <!-- Default test -->
  </suite> <!-- Default suite -->
</testng-results>
